<?xml version="1.0" encoding="UTF-8"?>
<!-- Generated by org.testng.reporters.JUnitXMLReporter -->
<testsuite ignored="0" hostname="madhu-PC" failures="0" tests="4" name="Submit Order Test" time="57.429" errors="0" timestamp="2023-08-01T17:30:24 IST">
  <testcase classname="mavenFirstProj.Tests.submitOrderTest" name="submitOrder" time="5.121"/>
  <testcase classname="mavenFirstProj.Tests.submitOrderTest" name="submitOrder" time="12.674"/>
  <testcase classname="mavenFirstProj.Tests.submitOrderTest" name="orderHistoryTest" time="1.623"/>
  <testcase classname="mavenFirstProj.Tests.submitOrderTest" name="orderHistoryTest" time="1.873"/>
</testsuite> <!-- Submit Order Test -->
