<?xml version="1.0" encoding="UTF-8"?>
<!-- Generated by org.testng.reporters.JUnitXMLReporter -->
<testsuite ignored="2" hostname="madhu-PC" failures="0" tests="0" time="0.013" errors="0" timestamp="2023-06-25T17:43:06 IST">
  <testcase classname="mavenFirstProj.Tests.ErrorValidationsTest" name="productnameErrorValidation" time="0.0">
    <ignored/>
  </testcase> <!-- productnameErrorValidation -->
  <testcase classname="mavenFirstProj.Tests.ErrorValidationsTest" name="submitOrder" time="0.0">
    <ignored/>
  </testcase> <!-- submitOrder -->
</testsuite>
