<?xml version="1.0" encoding="UTF-8"?>
<testng-results ignored="0" total="4" passed="4" failed="0" skipped="0">
  <reporter-output>
  </reporter-output>
  <suite started-at="2023-08-01T17:29:25 IST" name="Suite" finished-at="2023-08-01T17:30:24 IST" duration-ms="58510">
    <groups>
      <group name="Purchase">
        <method signature="submitOrderTest.submitOrder(java.util.HashMap)[pri:0, instance:mavenFirstProj.Tests.submitOrderTest@15888343]" name="submitOrder" class="mavenFirstProj.Tests.submitOrderTest"/>
        <method signature="submitOrderTest.orderHistoryTest(java.util.HashMap)[pri:0, instance:mavenFirstProj.Tests.submitOrderTest@15888343]" name="orderHistoryTest" class="mavenFirstProj.Tests.submitOrderTest"/>
      </group> <!-- Purchase -->
    </groups>
    <test started-at="2023-08-01T17:29:25 IST" name="Test1" finished-at="2023-08-01T17:29:25 IST" duration-ms="26">
    </test> <!-- Test1 -->
    <test started-at="2023-08-01T17:29:26 IST" name="Submit Order Test" finished-at="2023-08-01T17:30:24 IST" duration-ms="57429">
      <class name="mavenFirstProj.Tests.submitOrderTest">
        <test-method is-config="true" signature="launchApplication()[pri:0, instance:mavenFirstProj.Tests.submitOrderTest@15888343]" started-at="2023-08-01T17:29:27 IST" name="launchApplication" finished-at="2023-08-01T17:29:37 IST" duration-ms="10325" status="PASS">
          <reporter-output>
          </reporter-output>
        </test-method> <!-- launchApplication -->
        <test-method signature="submitOrder(java.util.HashMap)[pri:0, instance:mavenFirstProj.Tests.submitOrderTest@15888343]" started-at="2023-08-01T17:29:37 IST" name="submitOrder" data-provider="getData" finished-at="2023-08-01T17:29:42 IST" duration-ms="5121" status="PASS">
          <params>
            <param index="0">
              <value>
                <![CDATA[{password=Asdf@1234*, email=monali.patil@gmail.com, productName=ZARA COAT 3}]]>
              </value>
            </param>
          </params>
          <reporter-output>
          </reporter-output>
        </test-method> <!-- submitOrder -->
        <test-method is-config="true" signature="tearDown()[pri:0, instance:mavenFirstProj.Tests.submitOrderTest@15888343]" started-at="2023-08-01T17:29:42 IST" name="tearDown" finished-at="2023-08-01T17:29:42 IST" duration-ms="155" status="PASS">
          <reporter-output>
          </reporter-output>
        </test-method> <!-- tearDown -->
        <test-method is-config="true" signature="launchApplication()[pri:0, instance:mavenFirstProj.Tests.submitOrderTest@15888343]" started-at="2023-08-01T17:29:42 IST" name="launchApplication" finished-at="2023-08-01T17:29:50 IST" duration-ms="7631" status="PASS">
          <reporter-output>
          </reporter-output>
        </test-method> <!-- launchApplication -->
        <test-method signature="submitOrder(java.util.HashMap)[pri:0, instance:mavenFirstProj.Tests.submitOrderTest@15888343]" started-at="2023-08-01T17:29:50 IST" name="submitOrder" data-provider="getData" finished-at="2023-08-01T17:30:03 IST" duration-ms="12674" status="PASS">
          <params>
            <param index="0">
              <value>
                <![CDATA[{password=Iamking@000, email=anshika@gmail.com, productName=ADIDAS ORIGINAL}]]>
              </value>
            </param>
          </params>
          <reporter-output>
          </reporter-output>
        </test-method> <!-- submitOrder -->
        <test-method is-config="true" signature="tearDown()[pri:0, instance:mavenFirstProj.Tests.submitOrderTest@15888343]" started-at="2023-08-01T17:30:03 IST" name="tearDown" finished-at="2023-08-01T17:30:03 IST" duration-ms="320" status="PASS">
          <reporter-output>
          </reporter-output>
        </test-method> <!-- tearDown -->
        <test-method is-config="true" signature="launchApplication()[pri:0, instance:mavenFirstProj.Tests.submitOrderTest@15888343]" started-at="2023-08-01T17:30:03 IST" name="launchApplication" finished-at="2023-08-01T17:30:11 IST" duration-ms="7606" status="PASS">
          <reporter-output>
          </reporter-output>
        </test-method> <!-- launchApplication -->
        <test-method signature="orderHistoryTest(java.util.HashMap)[pri:0, instance:mavenFirstProj.Tests.submitOrderTest@15888343]" started-at="2023-08-01T17:30:11 IST" name="orderHistoryTest" data-provider="getData" finished-at="2023-08-01T17:30:12 IST" depends-on-methods="mavenFirstProj.Tests.submitOrderTest.submitOrder" duration-ms="1623" status="PASS">
          <params>
            <param index="0">
              <value>
                <![CDATA[{password=Asdf@1234*, email=monali.patil@gmail.com, productName=ZARA COAT 3}]]>
              </value>
            </param>
          </params>
          <reporter-output>
          </reporter-output>
        </test-method> <!-- orderHistoryTest -->
        <test-method is-config="true" signature="tearDown()[pri:0, instance:mavenFirstProj.Tests.submitOrderTest@15888343]" started-at="2023-08-01T17:30:12 IST" name="tearDown" finished-at="2023-08-01T17:30:12 IST" duration-ms="189" status="PASS">
          <reporter-output>
          </reporter-output>
        </test-method> <!-- tearDown -->
        <test-method is-config="true" signature="launchApplication()[pri:0, instance:mavenFirstProj.Tests.submitOrderTest@15888343]" started-at="2023-08-01T17:30:12 IST" name="launchApplication" finished-at="2023-08-01T17:30:21 IST" duration-ms="9097" status="PASS">
          <reporter-output>
          </reporter-output>
        </test-method> <!-- launchApplication -->
        <test-method signature="orderHistoryTest(java.util.HashMap)[pri:0, instance:mavenFirstProj.Tests.submitOrderTest@15888343]" started-at="2023-08-01T17:30:21 IST" name="orderHistoryTest" data-provider="getData" finished-at="2023-08-01T17:30:23 IST" depends-on-methods="mavenFirstProj.Tests.submitOrderTest.submitOrder" duration-ms="1873" status="PASS">
          <params>
            <param index="0">
              <value>
                <![CDATA[{password=Iamking@000, email=anshika@gmail.com, productName=ADIDAS ORIGINAL}]]>
              </value>
            </param>
          </params>
          <reporter-output>
          </reporter-output>
        </test-method> <!-- orderHistoryTest -->
        <test-method is-config="true" signature="tearDown()[pri:0, instance:mavenFirstProj.Tests.submitOrderTest@15888343]" started-at="2023-08-01T17:30:23 IST" name="tearDown" finished-at="2023-08-01T17:30:24 IST" duration-ms="226" status="PASS">
          <reporter-output>
          </reporter-output>
        </test-method> <!-- tearDown -->
      </class> <!-- mavenFirstProj.Tests.submitOrderTest -->
    </test> <!-- Submit Order Test -->
  </suite> <!-- Suite -->
</testng-results>
